<?xml version="1.0" encoding="UTF-8"?>
<!-- Generated by org.testng.reporters.JUnitReportReporter -->
<testsuite hostname="DESKTOP-MMSR92P" failures="0" tests="2" name="maven1.OrgTest" time="0.006" errors="0" timestamp="2025-03-28T12:46:46 IST" skipped="0">
  <testcase classname="maven1.OrgTest" name="verifyorg" time="0.001"/>
  <system-out/>
  <testcase classname="maven1.OrgTest" name="createorg" time="0.005"/>
  <system-out/>
</testsuite> <!-- maven1.OrgTest -->
