<?xml version="1.0" encoding="UTF-8"?>
<!-- Generated by org.testng.reporters.JUnitReportReporter -->
<testsuite hostname="DESKTOP-MMSR92P" failures="0" tests="2" name="maven.ContactTest" time="0.001" errors="0" timestamp="2025-03-28T12:40:30 IST" skipped="0">
  <testcase classname="maven.ContactTest" name="createcontact" time="0.000"/>
  <system-out/>
  <testcase classname="maven.ContactTest" name="verifycontact" time="0.001"/>
  <system-out/>
</testsuite> <!-- maven.ContactTest -->
